[2023-12-26 18:47:23,115] 26 root - INFO - Data Ingestion method starts
[2023-12-26 18:47:24,054] 30 root - INFO - Dataset read as pandas Dataframe
[2023-12-26 18:47:25,802] 36 root - INFO - Train test split
[2023-12-26 18:47:27,369] 42 root - INFO - Ingestion of data is completed
[2023-12-26 18:47:28,505] 216 root - INFO - Read train and test data completed
[2023-12-26 18:47:28,532] 217 root - INFO - Train Dataframe Head : 
   qty_dot_url  qty_hyphen_url  qty_underline_url  qty_slash_url  qty_equal_url  qty_at_url  qty_and_url  qty_tld_url  length_url  qty_dot_domain  qty_dot_directory  qty_hyphen_directory  qty_underline_directory  qty_slash_directory  qty_questionmark_directory  qty_equal_directory  qty_at_directory  qty_and_directory  qty_exclamation_directory  qty_space_directory  qty_tilde_directory  qty_comma_directory  qty_plus_directory  qty_asterisk_directory  qty_hashtag_directory  qty_dollar_directory  qty_percent_directory  directory_length  qty_dot_file  qty_hyphen_file  qty_underline_file  qty_slash_file  qty_questionmark_file  qty_equal_file  qty_at_file  qty_and_file  qty_exclamation_file  qty_space_file  qty_tilde_file  qty_comma_file  qty_plus_file  qty_asterisk_file  qty_hashtag_file  qty_dollar_file  qty_percent_file  file_length  qty_dot_params  qty_hyphen_params  qty_underline_params  qty_slash_params  qty_questionmark_params  qty_equal_params  qty_at_params  qty_and_params  qty_exclamation_params  qty_space_params  qty_tilde_params  qty_comma_params  qty_plus_params  qty_asterisk_params  qty_hashtag_params  qty_dollar_params  qty_percent_params  params_length  tld_present_params  qty_params  email_in_url  domain_spf  asn_ip  time_domain_activation  time_domain_expiration  qty_ip_resolved  ttl_hostname  phishing
0            2               0                  0              0              0           0            0            1          20               2                 -1                    -1                       -1                   -1                          -1                   -1                -1                 -1                         -1                   -1                   -1                   -1                  -1                      -1                     -1                    -1                     -1                -1            -1               -1                  -1              -1                     -1              -1           -1            -1                    -1              -1              -1              -1             -1                 -1                -1               -1                -1           -1              -1                 -1                    -1                -1                       -1                -1             -1              -1                      -1                -1                -1                -1               -1                   -1                  -1                 -1                  -1             -1                  -1          -1             0           0   27647                    6428                     145                1           591         0
1            6               1                  0              6              1           1            0            3          74               3                  1                     1                        0                    6                           0                    0                 0                  0                          0                    0                    0                    0                   0                       0                      0                     0                      0                35             0                0                   0               0                      0               0            0             0                     0               0               0               0              0                  0                 0                0                 0            0               2                  0                     0                 0                        0                 1              1               0                       0                 0                 0                 0                0                    0                   0                  0                   0             24                   1           1             1           0   11664                      -1                      -1                1         21596         1
2            2               0                  0              0              0           0            0            1          24               2                 -1                    -1                       -1                   -1                          -1                   -1                -1                 -1                         -1                   -1                   -1                   -1                  -1                      -1                     -1                    -1                     -1                -1            -1               -1                  -1              -1                     -1              -1           -1            -1                    -1              -1              -1              -1             -1                 -1                -1               -1                -1           -1              -1                 -1                    -1                -1                       -1                -1             -1              -1                      -1                -1                -1                -1               -1                   -1                  -1                 -1                  -1             -1                  -1          -1             0           0   27647                    5601                    1703                1          7198         0
3            2               0                  0              0              0           0            0            1          13               2                 -1                    -1                       -1                   -1                          -1                   -1                -1                 -1                         -1                   -1                   -1                   -1                  -1                      -1                     -1                    -1                     -1                -1            -1               -1                  -1              -1                     -1              -1           -1            -1                    -1              -1              -1              -1             -1                 -1                -1               -1                -1           -1              -1                 -1                    -1                -1                       -1                -1             -1              -1                      -1                -1                -1                -1               -1                   -1                  -1                 -1                  -1             -1                  -1          -1             0           0   26496                      -1                      -1                1           590         0
4            1               0                  0              1              0           0            0            1          17               1                  0                     0                        0                    1                           0                    0                 0                  0                          0                    0                    0                    0                   0                       0                      0                     0                      0                12             0                0                   0               0                      0               0            0             0                     0               0               0               0              0                  0                 0                0                 0           11              -1                 -1                    -1                -1                       -1                -1             -1              -1                      -1                -1                -1                -1               -1                   -1                  -1                 -1                  -1             -1                  -1          -1             0           0   16509                      -1                      -1                6          1002         1
[2023-12-26 18:47:28,577] 218 root - INFO - Test Dataframe Head  : 
   qty_dot_url  qty_hyphen_url  qty_underline_url  qty_slash_url  qty_equal_url  qty_at_url  qty_and_url  qty_tld_url  length_url  qty_dot_domain  qty_dot_directory  qty_hyphen_directory  qty_underline_directory  qty_slash_directory  qty_questionmark_directory  qty_equal_directory  qty_at_directory  qty_and_directory  qty_exclamation_directory  qty_space_directory  qty_tilde_directory  qty_comma_directory  qty_plus_directory  qty_asterisk_directory  qty_hashtag_directory  qty_dollar_directory  qty_percent_directory  directory_length  qty_dot_file  qty_hyphen_file  qty_underline_file  qty_slash_file  qty_questionmark_file  qty_equal_file  qty_at_file  qty_and_file  qty_exclamation_file  qty_space_file  qty_tilde_file  qty_comma_file  qty_plus_file  qty_asterisk_file  qty_hashtag_file  qty_dollar_file  qty_percent_file  file_length  qty_dot_params  qty_hyphen_params  qty_underline_params  qty_slash_params  qty_questionmark_params  qty_equal_params  qty_at_params  qty_and_params  qty_exclamation_params  qty_space_params  qty_tilde_params  qty_comma_params  qty_plus_params  qty_asterisk_params  qty_hashtag_params  qty_dollar_params  qty_percent_params  params_length  tld_present_params  qty_params  email_in_url  domain_spf  asn_ip  time_domain_activation  time_domain_expiration  qty_ip_resolved  ttl_hostname  phishing
0            4               0                  0              0              0           0            0            1          26               4                 -1                    -1                       -1                   -1                          -1                   -1                -1                 -1                         -1                   -1                   -1                   -1                  -1                      -1                     -1                    -1                     -1                -1            -1               -1                  -1              -1                     -1              -1           -1            -1                    -1              -1              -1              -1             -1                 -1                -1               -1                -1           -1              -1                 -1                    -1                -1                       -1                -1             -1              -1                      -1                -1                -1                -1               -1                   -1                  -1                 -1                  -1             -1                  -1          -1             0           0   28660                    8217                      -1                1          3598         0
1            2               0                  0              0              0           0            0            1          20               2                 -1                    -1                       -1                   -1                          -1                   -1                -1                 -1                         -1                   -1                   -1                   -1                  -1                      -1                     -1                    -1                     -1                -1            -1               -1                  -1              -1                     -1              -1           -1            -1                    -1              -1              -1              -1             -1                 -1                -1               -1                -1           -1              -1                 -1                    -1                -1                       -1                -1             -1              -1                      -1                -1                -1                -1               -1                   -1                  -1                 -1                  -1             -1                  -1          -1             0           0   29873                    5952                     256                1          3598         0
2            2               0                  0              0              0           0            0            1          16               2                 -1                    -1                       -1                   -1                          -1                   -1                -1                 -1                         -1                   -1                   -1                   -1                  -1                      -1                     -1                    -1                     -1                -1            -1               -1                  -1              -1                     -1              -1           -1            -1                    -1              -1              -1              -1             -1                 -1                -1               -1                -1           -1              -1                 -1                    -1                -1                       -1                -1             -1              -1                      -1                -1                -1                -1               -1                   -1                  -1                 -1                  -1             -1                  -1          -1             0           0   13335                     199                     165                2           299         0
3            4               0                  0              0              0           0            0            1          25               4                 -1                    -1                       -1                   -1                          -1                   -1                -1                 -1                         -1                   -1                   -1                   -1                  -1                      -1                     -1                    -1                     -1                -1            -1               -1                  -1              -1                     -1              -1           -1            -1                    -1              -1              -1              -1             -1                 -1                -1               -1                -1           -1              -1                 -1                    -1                -1                       -1                -1             -1              -1                      -1                -1                -1                -1               -1                   -1                  -1                 -1                  -1             -1                  -1          -1             0           1   27715                    7883                      -1                1          3585         0
4            2               0                  0              0              0           0            0            1          18               2                 -1                    -1                       -1                   -1                          -1                   -1                -1                 -1                         -1                   -1                   -1                   -1                  -1                      -1                     -1                    -1                     -1                -1            -1               -1                  -1              -1                     -1              -1           -1            -1                    -1              -1              -1              -1             -1                 -1                -1               -1                -1           -1              -1                 -1                    -1                -1                       -1                -1             -1              -1                      -1                -1                -1                -1               -1                   -1                  -1                 -1                  -1             -1                  -1          -1             0           0      -1                      -1                      -1               -1            -1         0
[2023-12-26 18:47:28,591] 220 root - INFO - Obtaining preprocessing object
[2023-12-26 18:47:28,592] 165 root - INFO - Starting data preprocessing
[2023-12-26 18:47:28,592] 37 root - INFO - Loading data from artifacts/raw.csv
[2023-12-26 18:47:29,590] 59 root - INFO - Handling outliers
[2023-12-26 18:47:29,785] 73 root - INFO - Handling outliers
[2023-12-26 18:47:30,364] 87 root - INFO - Dropping highly correlated features
[2023-12-26 18:47:32,038] 103 root - INFO - Dropping constant features
[2023-12-26 18:47:32,138] 115 root - INFO - Scaling features
[2023-12-26 18:47:33,788] 201 root - INFO - Preprocessed data saved to artifacts/preprocessed.csv
[2023-12-26 18:47:33,788] 202 root - INFO - Preprocessor object saved to artifacts/preprocessor.pkl
[2023-12-26 18:47:33,817] 59 root - INFO - Handling outliers
[2023-12-26 18:47:33,936] 73 root - INFO - Handling outliers
[2023-12-26 18:47:34,284] 87 root - INFO - Dropping highly correlated features
[2023-12-26 18:47:35,358] 103 root - INFO - Dropping constant features
[2023-12-26 18:47:35,432] 115 root - INFO - Scaling features
[2023-12-26 18:47:35,456] 59 root - INFO - Handling outliers
[2023-12-26 18:47:35,544] 73 root - INFO - Handling outliers
[2023-12-26 18:47:35,835] 87 root - INFO - Dropping highly correlated features
[2023-12-26 18:47:36,350] 103 root - INFO - Dropping constant features
[2023-12-26 18:47:36,386] 115 root - INFO - Scaling features
[2023-12-26 18:47:36,401] 239 root - INFO - Applying preprocessing object on training and testing datasets.
[2023-12-26 18:47:36,409] 244 root - INFO - Train Array: 
[[-0.74189443 -0.54015291  0.24344574 ... -0.38433309 -0.72080305
   0.        ]
 [ 2.34980569  2.20899581  1.86638246 ... -0.88772792  2.34173006
   1.        ]
 [-0.74189443 -0.32867993  0.24344574 ...  2.17229202  0.24249884
   0.        ]
 ...
 [ 2.34980569  1.52170863 -1.37949098 ... -0.42915592  0.53745264
   1.        ]
 [-0.74189443 -0.85736238  0.24344574 ...  1.5844234   1.29226025
   0.        ]
 [-0.74189443 -0.69875764  0.24344574 ... -0.72567616  3.06504483
   0.        ]]
[2023-12-26 18:47:36,413] 245 root - INFO - Test Array: 
[[-0.73334153 -0.20856315  2.66514326 ... -0.88686753 -0.28002325
   0.        ]
 [-0.73334153 -0.53501782  0.23037038 ...  0.00493098 -0.28002325
   0.        ]
 [-0.73334153 -0.75265427  0.23037038 ... -0.31084203 -0.76264262
   0.        ]
 ...
 [ 0.50326995  0.22670975  0.23037038 ...  2.18411179 -0.71992517
   1.        ]
 [-0.11503579 -0.69824516 -1.39281155 ...  0.3102939  -0.76366666
   0.        ]
 [-0.73334153 -0.58942694  0.23037038 ... -0.09222994  1.2952557
   0.        ]]
[2023-12-26 18:47:36,417] 247 root - INFO - Train Array Shape: (62052, 11)
[2023-12-26 18:47:36,417] 248 root - INFO - Test Array Shape: (26595, 11)
[2023-12-26 18:47:36,417] 255 root - INFO - Processor pickle is created and saved
[2023-12-26 18:47:36,431] 37 root - INFO - Loading preprocessed data...
[2023-12-26 18:47:36,431] 38 root - INFO - Splitting Dependent and Independent variables from train and test data
[2023-12-26 18:47:36,432] 52 root - INFO - preprocessed data is splitted in train and test data.
[2023-12-26 18:47:36,433] 55 root - INFO - models training is started
[2023-12-26 18:49:32,688] 69 root - INFO - Model Report : {'logistic_regression': 0.9167888700883625, 'decision_tree': 0.922090618537319, 'random_forest': 0.9532618913329574, 'gradient boosting': 0.9305132543711224, 'svm': 0.93573980071442, 'knn': 0.9458920849783794}
[2023-12-26 18:49:32,692] 81 root - INFO - Best Model Found , Model Name : random_forest , accuracy : 0.9532618913329574
